SF:lib/core/app/app.dart
DA:6,1
DA:8,1
DA:10,1
DA:12,1
DA:13,1
DA:15,1
DA:16,1
DA:17,1
LF:8
LH:8
end_of_record
SF:lib/features/file_upload/view/upload_file.screen.dart
DA:10,1
DA:12,1
DA:13,1
DA:19,0
DA:20,0
DA:22,0
DA:25,1
DA:27,1
DA:28,1
DA:31,1
DA:32,1
DA:34,1
DA:35,1
DA:36,1
DA:40,1
DA:41,1
DA:42,1
DA:43,2
DA:45,0
DA:50,1
DA:51,1
DA:52,1
DA:53,2
DA:54,1
DA:55,0
DA:56,0
LF:26
LH:20
end_of_record
SF:lib/core/env.dart
DA:2,0
DA:3,0
DA:4,0
DA:5,0
LF:4
LH:0
end_of_record
SF:lib/services/upload_service.dart
DA:9,0
DA:10,0
DA:12,0
DA:13,0
DA:14,0
DA:19,0
DA:21,0
DA:24,0
DA:27,0
DA:28,0
DA:34,0
DA:35,0
DA:36,0
DA:39,0
DA:40,0
DA:41,0
DA:43,0
DA:46,0
DA:50,0
DA:51,0
DA:52,0
LF:21
LH:0
end_of_record
SF:lib/services/picker_service.dart
DA:6,0
DA:8,0
DA:9,0
DA:11,0
DA:12,0
DA:13,0
DA:14,0
DA:20,0
DA:21,0
DA:25,0
DA:28,0
DA:29,0
DA:33,0
DA:36,0
DA:37,0
DA:43,0
DA:44,0
LF:17
LH:0
end_of_record
